<?xml version="1.0" encoding="UTF-8"?>
<!-- Generated by org.testng.reporters.JUnitReportReporter -->
<testsuite hostname="DESKTOP-BLFTK83" name="com.test.kdmc.test.TestID" tests="1" failures="0" timestamp="27 Jan 2018 09:34:44 GMT" time="142.291" errors="0">
  <testcase name="Login" time="142.291" classname="com.test.kdmc.test.TestID"/>
</testsuite> <!-- com.test.kdmc.test.TestID -->
