<?xml version="1.0" encoding="UTF-8"?>
<!-- Generated by org.testng.reporters.JUnitReportReporter -->
<testsuite skipped="0" hostname="DESKTOP-BLFTK83" name="com.GRN" tests="1" failures="0" timestamp="03 May 2018 14:16:01 GMT" time="1543.351" errors="0">
  <testcase name="CMS_LOGIN" time="1543.351" classname="com.GRN"/>
</testsuite> <!-- com.GRN -->
