<?xml version="1.0" encoding="UTF-8"?>
<!-- Generated by org.testng.reporters.JUnitReportReporter -->
<testsuite skipped="0" hostname="DESKTOP-BLFTK83" name="com.Inpatientmedicinerequest" tests="1" failures="0" timestamp="21 Jul 2018 05:22:29 GMT" time="863.626" errors="0">
  <testcase name="openbrowser" time="863.626" classname="com.Inpatientmedicinerequest"/>
</testsuite> <!-- com.Inpatientmedicinerequest -->
