<?xml version="1.0" encoding="UTF-8"?>
<!-- Generated by org.testng.reporters.JUnitReportReporter -->
<testsuite skipped="0" hostname="DESKTOP-BLFTK83" name="com.EmergencySRS" tests="1" failures="0" timestamp="29 Jun 2018 12:31:59 GMT" time="969.609" errors="0">
  <testcase name="Emergencyall" time="969.609" classname="com.EmergencySRS"/>
</testsuite> <!-- com.EmergencySRS -->
