<?xml version="1.0" encoding="UTF-8"?>
<!-- Generated by org.testng.reporters.JUnitReportReporter -->
<testsuite skipped="0" hostname="DESKTOP-BLFTK83" name="com.Moh" tests="1" failures="0" timestamp="16 Mar 2018 09:37:25 GMT" time="2955.502" errors="0">
  <testcase name="mohpo" time="2955.502" classname="com.Moh"/>
</testsuite> <!-- com.Moh -->
