<?xml version="1.0" encoding="UTF-8"?>
<!-- Generated by org.testng.reporters.JUnitReportReporter -->
<testsuite hostname="DESKTOP-BLFTK83" name="com.test.kdmc.test.emp" tests="1" failures="0" timestamp="29 Jan 2018 09:10:20 GMT" time="84.433" errors="0">
  <testcase name="OPEN" time="84.433" classname="com.test.kdmc.test.emp"/>
</testsuite> <!-- com.test.kdmc.test.emp -->
