<?xml version="1.0" encoding="UTF-8"?>
<!-- Generated by org.testng.reporters.JUnitReportReporter -->
<testsuite skipped="0" hostname="DESKTOP-BLFTK83" name="veriication.Pharmacy_Tablet_Qty_Verification" tests="1" failures="0" timestamp="13 Dec 2018 09:42:22 GMT" time="2086.416" errors="0">
  <testcase name="openbrowser" time="2086.416" classname="veriication.Pharmacy_Tablet_Qty_Verification"/>
</testsuite> <!-- veriication.Pharmacy_Tablet_Qty_Verification -->
