<?xml version="1.0" encoding="UTF-8"?>
<!-- Generated by org.testng.reporters.JUnitReportReporter -->
<testsuite skipped="0" hostname="DESKTOP-BLFTK83" name="com.Doctor" tests="1" failures="0" timestamp="31 Oct 2018 11:32:25 GMT" time="170.334" errors="0">
  <testcase name="Login" time="170.334" classname="com.Doctor"/>
</testsuite> <!-- com.Doctor -->
