<?xml version="1.0" encoding="UTF-8"?>
<!-- Generated by org.testng.reporters.JUnitReportReporter -->
<testsuite hostname="DESKTOP-BLFTK83" name="com.test.kdmc.test.EmergencySRS" tests="1" failures="0" timestamp="15 Feb 2018 08:42:01 GMT" time="826.472" errors="0">
  <testcase name="Emergencyall" time="826.472" classname="com.test.kdmc.test.EmergencySRS"/>
</testsuite> <!-- com.test.kdmc.test.EmergencySRS -->
