<?xml version="1.0" encoding="UTF-8"?>
<!-- Generated by org.testng.reporters.JUnitReportReporter -->
<testsuite hostname="DESKTOP-BLFTK83" name="com.test.kdmc.test.LabTestEntry" tests="1" failures="0" timestamp="9 Feb 2018 10:03:02 GMT" time="95.724" errors="0">
  <testcase name="op" time="95.724" classname="com.test.kdmc.test.LabTestEntry"/>
</testsuite> <!-- com.test.kdmc.test.LabTestEntry -->
