<?xml version="1.0" encoding="UTF-8"?>
<!-- Generated by org.testng.reporters.JUnitReportReporter -->
<testsuite skipped="0" hostname="DESKTOP-BLFTK83" name="com.LabTestEntry" tests="1" failures="0" timestamp="05 Dec 2018 11:41:37 GMT" time="266.648" errors="0">
  <testcase name="op" time="266.648" classname="com.LabTestEntry"/>
</testsuite> <!-- com.LabTestEntry -->
