<?xml version="1.0" encoding="UTF-8"?>
<!-- Generated by org.testng.reporters.JUnitReportReporter -->
<testsuite hostname="DESKTOP-BLFTK83" name="com.test.kdmc.test.DeleteEmployee" tests="1" failures="0" timestamp="29 Jan 2018 08:13:37 GMT" time="0.469" errors="0">
  <testcase name="deletehospital" time="0.469" classname="com.test.kdmc.test.DeleteEmployee"/>
</testsuite> <!-- com.test.kdmc.test.DeleteEmployee -->
