<?xml version="1.0" encoding="UTF-8"?>
<!-- Generated by org.testng.reporters.JUnitReportReporter -->
<testsuite skipped="0" hostname="DESKTOP-BLFTK83" name="com.examples.VerifiyLogin" tests="1" failures="0" timestamp="21 Jun 2018 10:59:13 GMT" time="42.871" errors="0">
  <testcase name="loginVerifiy" time="42.871" classname="com.examples.VerifiyLogin"/>
</testsuite> <!-- com.examples.VerifiyLogin -->
