<?xml version="1.0" encoding="UTF-8"?>
<!-- Generated by org.testng.reporters.JUnitReportReporter -->
<testsuite hostname="DESKTOP-BLFTK83" name="com.test.kdmc.test.Allmedicines" tests="1" failures="0" timestamp="20 Jan 2018 11:13:40 GMT" time="314.170" errors="0">
  <testcase name="mohpo" time="314.170" classname="com.test.kdmc.test.Allmedicines"/>
</testsuite> <!-- com.test.kdmc.test.Allmedicines -->
