<?xml version="1.0" encoding="UTF-8"?>
<!-- Generated by org.testng.reporters.JUnitReportReporter -->
<testsuite skipped="0" hostname="DESKTOP-BLFTK83" name="com.Chmstest" tests="1" failures="0" timestamp="15 Oct 2018 10:08:42 GMT" time="74.481" errors="0">
  <testcase name="Login" time="74.481" classname="com.Chmstest"/>
</testsuite> <!-- com.Chmstest -->
