<?xml version="1.0" encoding="UTF-8"?>
<!-- Generated by org.testng.reporters.JUnitReportReporter -->
<testsuite skipped="0" hostname="DESKTOP-BLFTK83" name="com.AddTostockinStore" tests="1" failures="0" timestamp="01 Mar 2018 08:26:47 GMT" time="482.393" errors="0">
  <testcase name="ADDSTOCK" time="482.393" classname="com.AddTostockinStore"/>
</testsuite> <!-- com.AddTostockinStore -->
