<?xml version="1.0" encoding="UTF-8"?>
<!-- Generated by org.testng.reporters.JUnitReportReporter -->
<testsuite skipped="0" hostname="DESKTOP-BLFTK83" name="com.TestID" tests="1" failures="0" timestamp="28 Aug 2018 08:17:36 GMT" time="50.135" errors="0">
  <testcase name="Login" time="50.135" classname="com.TestID"/>
</testsuite> <!-- com.TestID -->
