<?xml version="1.0" encoding="UTF-8"?>
<!-- Generated by org.testng.reporters.JUnitReportReporter -->
<testsuite skipped="0" hostname="DESKTOP-BLFTK83" name="com.Renewal_Registration" tests="1" failures="0" timestamp="23 Jun 2018 12:51:14 GMT" time="282.581" errors="0">
  <testcase name="Privaterenewal" time="282.581" classname="com.Renewal_Registration"/>
</testsuite> <!-- com.Renewal_Registration -->
