<?xml version="1.0" encoding="UTF-8"?>
<!-- Generated by org.testng.reporters.JUnitReportReporter -->
<testsuite skipped="0" hostname="DESKTOP-BLFTK83" name="com.LoginTestCase" tests="1" failures="0" timestamp="09 Jun 2018 07:14:12 GMT" time="117.133" errors="0">
  <testcase name="Login" time="117.133" classname="com.LoginTestCase"/>
</testsuite> <!-- com.LoginTestCase -->
