<?xml version="1.0" encoding="UTF-8"?>
<!-- Generated by org.testng.reporters.JUnitReportReporter -->
<testsuite hostname="DESKTOP-BLFTK83" name="com.test.kdmc.test.Moh" tests="1" failures="0" timestamp="2 Feb 2018 12:09:48 GMT" time="684.556" errors="0">
  <testcase name="mohpo" time="684.556" classname="com.test.kdmc.test.Moh"/>
</testsuite> <!-- com.test.kdmc.test.Moh -->
