<?xml version="1.0" encoding="UTF-8"?>
<!-- Generated by org.testng.reporters.JUnitReportReporter -->
<testsuite skipped="0" hostname="DESKTOP-BLFTK83" name="com.Healthposttostore" tests="1" failures="0" timestamp="16 Mar 2018 09:43:21 GMT" time="351.796" errors="0">
  <testcase name="Healthpost" time="351.796" classname="com.Healthposttostore"/>
</testsuite> <!-- com.Healthposttostore -->
