<?xml version="1.0" encoding="UTF-8"?>
<!-- Generated by org.testng.reporters.JUnitReportReporter -->
<testsuite skipped="0" hostname="DESKTOP-BLFTK83" name="com.examples.netbeanstest" tests="1" failures="0" timestamp="10 Oct 2018 06:45:19 GMT" time="6.452" errors="0">
  <testcase name="op" time="6.452" classname="com.examples.netbeanstest"/>
</testsuite> <!-- com.examples.netbeanstest -->
