<?xml version="1.0" encoding="UTF-8"?>
<!-- Generated by org.testng.reporters.JUnitReportReporter -->
<testsuite hostname="DESKTOP-BLFTK83" name="com.test.kdmc.test.Doctor" tests="1" failures="0" timestamp="29 Jan 2018 09:32:00 GMT" time="165.755" errors="0">
  <testcase name="Login" time="165.755" classname="com.test.kdmc.test.Doctor"/>
</testsuite> <!-- com.test.kdmc.test.Doctor -->
