<?xml version="1.0" encoding="UTF-8"?>
<!-- Generated by org.testng.reporters.JUnitReportReporter -->
<testsuite skipped="0" hostname="DESKTOP-BLFTK83" name="com.PrivateHosptial" tests="1" failures="0" timestamp="18 Jul 2018 10:25:22 GMT" time="310.079" errors="0">
  <testcase name="Private" time="310.079" classname="com.PrivateHosptial"/>
</testsuite> <!-- com.PrivateHosptial -->
